Started running at Thu Jan 25 14:55:34 CST 2024.
Starting run number is 225
Simulation will be run 10 times.
Submitted batch job 5065
Submitted batch job 5066
Submitted batch job 5067
Submitted batch job 5068
Submitted batch job 5069
Submitted batch job 5070
Submitted batch job 5071
Submitted batch job 5072
Submitted batch job 5073
Submitted batch job 5074
Submitted batch job 5075
Submitted batch job 5076
Submitted batch job 5077
Submitted batch job 5078
Submitted batch job 5079
Submitted batch job 5080
Submitted batch job 5081
Submitted batch job 5082
Submitted batch job 5083
Submitted batch job 5084
Submitted batch job 5085
Submitted batch job 5086
Submitted batch job 5087
Submitted batch job 5088
Submitted batch job 5089
Submitted batch job 5090
Submitted batch job 5091
Submitted batch job 5092
Submitted batch job 5093
Submitted batch job 5094
Done running simulation at Thu Jan 25 14:55:34 CST 2024
