Started running at Tue Jan 23 18:58:39 CST 2024.
Starting run number is 210
Simulation will be run 10 times.
Submitted batch job 4996
Submitted batch job 4997
Submitted batch job 4998
Submitted batch job 4999
Submitted batch job 5000
Submitted batch job 5001
Submitted batch job 5002
Submitted batch job 5003
Submitted batch job 5004
Submitted batch job 5005
Submitted batch job 5006
Submitted batch job 5007
Submitted batch job 5008
Submitted batch job 5009
Submitted batch job 5010
Submitted batch job 5011
Submitted batch job 5012
Submitted batch job 5013
Submitted batch job 5014
Submitted batch job 5015
Submitted batch job 5016
Submitted batch job 5017
Submitted batch job 5018
Submitted batch job 5019
Submitted batch job 5020
Submitted batch job 5021
Submitted batch job 5022
Submitted batch job 5023
Submitted batch job 5024
Submitted batch job 5025
Done running simulation at Tue Jan 23 18:58:39 CST 2024
