Started running at Thu Jan 25 15:32:45 CST 2024.
Starting run number is 225
Simulation will be run 10 times.
Submitted batch job 5096
Submitted batch job 5097
Submitted batch job 5098
Submitted batch job 5099
Submitted batch job 5100
Submitted batch job 5101
Submitted batch job 5102
Submitted batch job 5103
Submitted batch job 5104
Submitted batch job 5105
Submitted batch job 5106
Submitted batch job 5107
Submitted batch job 5108
Submitted batch job 5109
Submitted batch job 5110
Submitted batch job 5111
Submitted batch job 5112
Submitted batch job 5113
Submitted batch job 5114
Submitted batch job 5115
Submitted batch job 5116
Submitted batch job 5117
Submitted batch job 5118
Submitted batch job 5119
Submitted batch job 5120
Submitted batch job 5121
Submitted batch job 5122
Submitted batch job 5123
Submitted batch job 5124
Submitted batch job 5125
Done running simulation at Thu Jan 25 15:32:45 CST 2024
